<?xml version="1.0" encoding="UTF-8"?>
<!-- Generated by org.testng.reporters.JUnitReportReporter -->
<testsuite hostname="LAPTOP-O8GG5075" failures="0" tests="2" name="com.qa.crossbrowsers.CrossBrowsers" time="9.204" errors="0" timestamp="2022-11-21T09:29:53 IST" skipped="0">
  <testcase classname="com.qa.crossbrowsers.CrossBrowsers" name="verifyTitel1" time="4.035"/>
  <system-out/>
  <testcase classname="com.qa.crossbrowsers.CrossBrowsers" name="verifyTitel1" time="5.169"/>
  <system-out/>
</testsuite> <!-- com.qa.crossbrowsers.CrossBrowsers -->
